<?xml version="1.0" encoding="UTF-8"?>
<testng-results ignored="0" total="2" passed="2" failed="0" skipped="0">
  <reporter-output>
  </reporter-output>
  <suite started-at="2023-02-25T18:19:11 BDT" name="Default suite" finished-at="2023-02-25T18:19:11 BDT" duration-ms="40">
    <groups>
    </groups>
    <test started-at="2023-02-25T18:19:11 BDT" name="Default test" finished-at="2023-02-25T18:19:11 BDT" duration-ms="40">
      <class name="com.bd.TestNGExample">
        <test-method is-config="true" signature="beforeSuiteExample()[pri:0, instance:com.bd.TestNGExample@54c5a2ff]" started-at="2023-02-25T18:19:11 BDT" name="beforeSuiteExample" finished-at="2023-02-25T18:19:11 BDT" duration-ms="9" status="PASS">
          <reporter-output>
          </reporter-output>
        </test-method> <!-- beforeSuiteExample -->
        <test-method is-config="true" signature="beforeTestExample()[pri:0, instance:com.bd.TestNGExample@54c5a2ff]" started-at="2023-02-25T18:19:11 BDT" name="beforeTestExample" finished-at="2023-02-25T18:19:11 BDT" duration-ms="0" status="PASS">
          <reporter-output>
          </reporter-output>
        </test-method> <!-- beforeTestExample -->
        <test-method signature="test2()[pri:0, instance:com.bd.TestNGExample@54c5a2ff]" started-at="2023-02-25T18:19:11 BDT" name="test2" finished-at="2023-02-25T18:19:11 BDT" duration-ms="5" status="PASS">
          <reporter-output>
          </reporter-output>
        </test-method> <!-- test2 -->
        <test-method signature="test1()[pri:1, instance:com.bd.TestNGExample@54c5a2ff]" started-at="2023-02-25T18:19:11 BDT" name="test1" finished-at="2023-02-25T18:19:11 BDT" duration-ms="1" status="PASS">
          <reporter-output>
          </reporter-output>
        </test-method> <!-- test1 -->
        <test-method is-config="true" signature="afterTestExample()[pri:0, instance:com.bd.TestNGExample@54c5a2ff]" started-at="2023-02-25T18:19:11 BDT" name="afterTestExample" finished-at="2023-02-25T18:19:11 BDT" duration-ms="0" status="PASS">
          <reporter-output>
          </reporter-output>
        </test-method> <!-- afterTestExample -->
        <test-method is-config="true" signature="afterSuiteExample()[pri:0, instance:com.bd.TestNGExample@54c5a2ff]" started-at="2023-02-25T18:19:11 BDT" name="afterSuiteExample" finished-at="2023-02-25T18:19:11 BDT" duration-ms="0" status="PASS">
          <reporter-output>
          </reporter-output>
        </test-method> <!-- afterSuiteExample -->
      </class> <!-- com.bd.TestNGExample -->
    </test> <!-- Default test -->
  </suite> <!-- Default suite -->
</testng-results>
